<?xml version="1.0" encoding="UTF-8"?>
<!-- Generated by org.testng.reporters.JUnitXMLReporter -->
<testsuite ignored="0" hostname="DESKTOP-B35TLGG" failures="0" tests="10" name="Default test" time="53.751" errors="0" timestamp="02 Aug 2022 18:43:04 GMT">
  <testcase classname="com.vcentry.lab.testcases.CheckOutPageValidator" name="validateCheckoutPage" time="10.498"/>
  <testcase classname="com.vcentry.lab.testcases.CheckOutPageValidator" name="validateCheckoutPage" time="3.768"/>
  <testcase classname="com.vcentry.lab.testcases.CheckOutPageValidator" name="validateCheckoutPage" time="4.416"/>
  <testcase classname="com.vcentry.lab.testcases.CheckOutPageValidator" name="validateCheckoutPage" time="3.993"/>
  <testcase classname="com.vcentry.lab.testcases.CheckOutPageValidator" name="validateCheckoutPage" time="3.795"/>
  <testcase classname="com.vcentry.lab.testcases.CheckOutPageValidator" name="validateCheckoutPage" time="3.955"/>
  <testcase classname="com.vcentry.lab.testcases.CheckOutPageValidator" name="validateCheckoutPage" time="3.38"/>
  <testcase classname="com.vcentry.lab.testcases.CheckOutPageValidator" name="validateCheckoutPage" time="3.793"/>
  <testcase classname="com.vcentry.lab.testcases.CheckOutPageValidator" name="validateCheckoutPage" time="3.575"/>
  <testcase classname="com.vcentry.lab.testcases.CheckOutPageValidator" name="validateCheckoutPage" time="3.361"/>
</testsuite> <!-- Default test -->
