<?xml version="1.0" encoding="UTF-8"?>
<testng-results ignored="0" total="10" passed="10" failed="0" skipped="0">
  <reporter-output>
  </reporter-output>
  <suite started-at="2022-08-02T18:42:11Z" name="Default suite" finished-at="2022-08-02T18:43:04Z" duration-ms="53751">
    <groups>
    </groups>
    <test started-at="2022-08-02T18:42:11Z" name="Default test" finished-at="2022-08-02T18:43:04Z" duration-ms="53751">
      <class name="com.vcentry.lab.testcases.CheckOutPageValidator">
        <test-method is-config="true" signature="setUp()[pri:0, instance:com.vcentry.lab.testcases.CheckOutPageValidator@366647c2]" started-at="2022-08-02T20:42:11Z" name="setUp" finished-at="2022-08-02T20:42:11Z" duration-ms="8" status="PASS">
          <reporter-output>
          </reporter-output>
        </test-method> <!-- setUp -->
        <test-method signature="validateCheckoutPage(java.lang.String, java.lang.String, java.lang.String, java.lang.String, java.lang.String, java.lang.String, java.lang.String, java.lang.String, java.lang.String)[pri:0, instance:com.vcentry.lab.testcases.CheckOutPageValidator@366647c2]" started-at="2022-08-02T20:42:12Z" name="validateCheckoutPage" data-provider="CheckoutTest" finished-at="2022-08-02T20:42:22Z" duration-ms="10498" status="PASS">
          <params>
            <param index="0">
              <value>
                <![CDATA[CheckoutPageTest_DataSet2]]>
              </value>
            </param>
            <param index="1">
              <value>
                <![CDATA[user1]]>
              </value>
            </param>
            <param index="2">
              <value>
                <![CDATA[Guru@12345]]>
              </value>
            </param>
            <param index="3">
              <value>
                <![CDATA[produtA]]>
              </value>
            </param>
            <param index="4">
              <value>
                <![CDATA[1111]]>
              </value>
            </param>
            <param index="5">
              <value>
                <![CDATA[mailA@email.com]]>
              </value>
            </param>
            <param index="6">
              <value>
                <![CDATA[Electrical]]>
              </value>
            </param>
            <param index="7">
              <value>
                <![CDATA[12]]>
              </value>
            </param>
            <param index="8">
              <value>
                <![CDATA[purchaseNameA]]>
              </value>
            </param>
          </params>
          <reporter-output>
          </reporter-output>
        </test-method> <!-- validateCheckoutPage -->
        <test-method is-config="true" signature="tearDown(org.testng.ITestResult)[pri:0, instance:com.vcentry.lab.testcases.CheckOutPageValidator@366647c2]" started-at="2022-08-02T20:42:22Z" name="tearDown" finished-at="2022-08-02T20:42:23Z" duration-ms="1212" status="PASS">
          <params>
            <param index="0">
              <value>
                <![CDATA[[TestResult name=validateCheckoutPage status=SUCCESS method=CheckOutPageValidator.validateCheckoutPage(java.lang.String, java.lang.String, java.lang.String, java.lang.String, java.lang.String, java.lang.String, java.lang.String, java.lang.String, java.lang.String)[pri:0, instance:com.vcentry.lab.testcases.CheckOutPageValidator@366647c2] output={null}]]]>
              </value>
            </param>
          </params>
          <reporter-output>
          </reporter-output>
        </test-method> <!-- tearDown -->
        <test-method signature="validateCheckoutPage(java.lang.String, java.lang.String, java.lang.String, java.lang.String, java.lang.String, java.lang.String, java.lang.String, java.lang.String, java.lang.String)[pri:0, instance:com.vcentry.lab.testcases.CheckOutPageValidator@366647c2]" started-at="2022-08-02T20:42:23Z" name="validateCheckoutPage" data-provider="CheckoutTest" finished-at="2022-08-02T20:42:27Z" duration-ms="3768" status="PASS">
          <params>
            <param index="0">
              <value>
                <![CDATA[CheckoutPageTest_DataSet3]]>
              </value>
            </param>
            <param index="1">
              <value>
                <![CDATA[user1]]>
              </value>
            </param>
            <param index="2">
              <value>
                <![CDATA[Guru@12345]]>
              </value>
            </param>
            <param index="3">
              <value>
                <![CDATA[produtB]]>
              </value>
            </param>
            <param index="4">
              <value>
                <![CDATA[2222]]>
              </value>
            </param>
            <param index="5">
              <value>
                <![CDATA[mailB@email.com]]>
              </value>
            </param>
            <param index="6">
              <value>
                <![CDATA[Electrical]]>
              </value>
            </param>
            <param index="7">
              <value>
                <![CDATA[20]]>
              </value>
            </param>
            <param index="8">
              <value>
                <![CDATA[purchaseNameB]]>
              </value>
            </param>
          </params>
          <reporter-output>
          </reporter-output>
        </test-method> <!-- validateCheckoutPage -->
        <test-method is-config="true" signature="tearDown(org.testng.ITestResult)[pri:0, instance:com.vcentry.lab.testcases.CheckOutPageValidator@366647c2]" started-at="2022-08-02T20:42:27Z" name="tearDown" finished-at="2022-08-02T20:42:28Z" duration-ms="1019" status="PASS">
          <params>
            <param index="0">
              <value>
                <![CDATA[[TestResult name=validateCheckoutPage status=SUCCESS method=CheckOutPageValidator.validateCheckoutPage(java.lang.String, java.lang.String, java.lang.String, java.lang.String, java.lang.String, java.lang.String, java.lang.String, java.lang.String, java.lang.String)[pri:0, instance:com.vcentry.lab.testcases.CheckOutPageValidator@366647c2] output={null}]]]>
              </value>
            </param>
          </params>
          <reporter-output>
          </reporter-output>
        </test-method> <!-- tearDown -->
        <test-method signature="validateCheckoutPage(java.lang.String, java.lang.String, java.lang.String, java.lang.String, java.lang.String, java.lang.String, java.lang.String, java.lang.String, java.lang.String)[pri:0, instance:com.vcentry.lab.testcases.CheckOutPageValidator@366647c2]" started-at="2022-08-02T20:42:28Z" name="validateCheckoutPage" data-provider="CheckoutTest" finished-at="2022-08-02T20:42:33Z" duration-ms="4416" status="PASS">
          <params>
            <param index="0">
              <value>
                <![CDATA[CheckoutPageTest_DataSet4]]>
              </value>
            </param>
            <param index="1">
              <value>
                <![CDATA[user1]]>
              </value>
            </param>
            <param index="2">
              <value>
                <![CDATA[Guru@12345]]>
              </value>
            </param>
            <param index="3">
              <value>
                <![CDATA[produtC]]>
              </value>
            </param>
            <param index="4">
              <value>
                <![CDATA[3333]]>
              </value>
            </param>
            <param index="5">
              <value>
                <![CDATA[mailC@email.com]]>
              </value>
            </param>
            <param index="6">
              <value>
                <![CDATA[Electrical]]>
              </value>
            </param>
            <param index="7">
              <value>
                <![CDATA[21]]>
              </value>
            </param>
            <param index="8">
              <value>
                <![CDATA[purchaseNameC]]>
              </value>
            </param>
          </params>
          <reporter-output>
          </reporter-output>
        </test-method> <!-- validateCheckoutPage -->
        <test-method is-config="true" signature="tearDown(org.testng.ITestResult)[pri:0, instance:com.vcentry.lab.testcases.CheckOutPageValidator@366647c2]" started-at="2022-08-02T20:42:33Z" name="tearDown" finished-at="2022-08-02T20:42:33Z" duration-ms="738" status="PASS">
          <params>
            <param index="0">
              <value>
                <![CDATA[[TestResult name=validateCheckoutPage status=SUCCESS method=CheckOutPageValidator.validateCheckoutPage(java.lang.String, java.lang.String, java.lang.String, java.lang.String, java.lang.String, java.lang.String, java.lang.String, java.lang.String, java.lang.String)[pri:0, instance:com.vcentry.lab.testcases.CheckOutPageValidator@366647c2] output={null}]]]>
              </value>
            </param>
          </params>
          <reporter-output>
          </reporter-output>
        </test-method> <!-- tearDown -->
        <test-method signature="validateCheckoutPage(java.lang.String, java.lang.String, java.lang.String, java.lang.String, java.lang.String, java.lang.String, java.lang.String, java.lang.String, java.lang.String)[pri:0, instance:com.vcentry.lab.testcases.CheckOutPageValidator@366647c2]" started-at="2022-08-02T20:42:33Z" name="validateCheckoutPage" data-provider="CheckoutTest" finished-at="2022-08-02T20:42:37Z" duration-ms="3993" status="PASS">
          <params>
            <param index="0">
              <value>
                <![CDATA[CheckoutPageTest_DataSet5]]>
              </value>
            </param>
            <param index="1">
              <value>
                <![CDATA[user1]]>
              </value>
            </param>
            <param index="2">
              <value>
                <![CDATA[Guru@12345]]>
              </value>
            </param>
            <param index="3">
              <value>
                <![CDATA[produtD]]>
              </value>
            </param>
            <param index="4">
              <value>
                <![CDATA[4444]]>
              </value>
            </param>
            <param index="5">
              <value>
                <![CDATA[mailD@email.com]]>
              </value>
            </param>
            <param index="6">
              <value>
                <![CDATA[Electrical]]>
              </value>
            </param>
            <param index="7">
              <value>
                <![CDATA[70]]>
              </value>
            </param>
            <param index="8">
              <value>
                <![CDATA[purchaseNameD]]>
              </value>
            </param>
          </params>
          <reporter-output>
          </reporter-output>
        </test-method> <!-- validateCheckoutPage -->
        <test-method is-config="true" signature="tearDown(org.testng.ITestResult)[pri:0, instance:com.vcentry.lab.testcases.CheckOutPageValidator@366647c2]" started-at="2022-08-02T20:42:37Z" name="tearDown" finished-at="2022-08-02T20:42:38Z" duration-ms="684" status="PASS">
          <params>
            <param index="0">
              <value>
                <![CDATA[[TestResult name=validateCheckoutPage status=SUCCESS method=CheckOutPageValidator.validateCheckoutPage(java.lang.String, java.lang.String, java.lang.String, java.lang.String, java.lang.String, java.lang.String, java.lang.String, java.lang.String, java.lang.String)[pri:0, instance:com.vcentry.lab.testcases.CheckOutPageValidator@366647c2] output={null}]]]>
              </value>
            </param>
          </params>
          <reporter-output>
          </reporter-output>
        </test-method> <!-- tearDown -->
        <test-method signature="validateCheckoutPage(java.lang.String, java.lang.String, java.lang.String, java.lang.String, java.lang.String, java.lang.String, java.lang.String, java.lang.String, java.lang.String)[pri:0, instance:com.vcentry.lab.testcases.CheckOutPageValidator@366647c2]" started-at="2022-08-02T20:42:38Z" name="validateCheckoutPage" data-provider="CheckoutTest" finished-at="2022-08-02T20:42:42Z" duration-ms="3795" status="PASS">
          <params>
            <param index="0">
              <value>
                <![CDATA[CheckoutPageTest_DataSet6]]>
              </value>
            </param>
            <param index="1">
              <value>
                <![CDATA[user1]]>
              </value>
            </param>
            <param index="2">
              <value>
                <![CDATA[Guru@12345]]>
              </value>
            </param>
            <param index="3">
              <value>
                <![CDATA[produtE]]>
              </value>
            </param>
            <param index="4">
              <value>
                <![CDATA[5555]]>
              </value>
            </param>
            <param index="5">
              <value>
                <![CDATA[mailD@email.com]]>
              </value>
            </param>
            <param index="6">
              <value>
                <![CDATA[Electrical]]>
              </value>
            </param>
            <param index="7">
              <value>
                <![CDATA[70]]>
              </value>
            </param>
            <param index="8">
              <value>
                <![CDATA[purchaseNameD]]>
              </value>
            </param>
          </params>
          <reporter-output>
          </reporter-output>
        </test-method> <!-- validateCheckoutPage -->
        <test-method is-config="true" signature="tearDown(org.testng.ITestResult)[pri:0, instance:com.vcentry.lab.testcases.CheckOutPageValidator@366647c2]" started-at="2022-08-02T20:42:42Z" name="tearDown" finished-at="2022-08-02T20:42:43Z" duration-ms="937" status="PASS">
          <params>
            <param index="0">
              <value>
                <![CDATA[[TestResult name=validateCheckoutPage status=SUCCESS method=CheckOutPageValidator.validateCheckoutPage(java.lang.String, java.lang.String, java.lang.String, java.lang.String, java.lang.String, java.lang.String, java.lang.String, java.lang.String, java.lang.String)[pri:0, instance:com.vcentry.lab.testcases.CheckOutPageValidator@366647c2] output={null}]]]>
              </value>
            </param>
          </params>
          <reporter-output>
          </reporter-output>
        </test-method> <!-- tearDown -->
        <test-method signature="validateCheckoutPage(java.lang.String, java.lang.String, java.lang.String, java.lang.String, java.lang.String, java.lang.String, java.lang.String, java.lang.String, java.lang.String)[pri:0, instance:com.vcentry.lab.testcases.CheckOutPageValidator@366647c2]" started-at="2022-08-02T20:42:43Z" name="validateCheckoutPage" data-provider="CheckoutTest" finished-at="2022-08-02T20:42:47Z" duration-ms="3955" status="PASS">
          <params>
            <param index="0">
              <value>
                <![CDATA[CheckoutPageTest_DataSet7]]>
              </value>
            </param>
            <param index="1">
              <value>
                <![CDATA[user1]]>
              </value>
            </param>
            <param index="2">
              <value>
                <![CDATA[Guru@12345]]>
              </value>
            </param>
            <param index="3">
              <value>
                <![CDATA[produtF]]>
              </value>
            </param>
            <param index="4">
              <value>
                <![CDATA[66666]]>
              </value>
            </param>
            <param index="5">
              <value>
                <![CDATA[mailD@email.com]]>
              </value>
            </param>
            <param index="6">
              <value>
                <![CDATA[Electrical]]>
              </value>
            </param>
            <param index="7">
              <value>
                <![CDATA[70]]>
              </value>
            </param>
            <param index="8">
              <value>
                <![CDATA[purchaseNameD]]>
              </value>
            </param>
          </params>
          <reporter-output>
          </reporter-output>
        </test-method> <!-- validateCheckoutPage -->
        <test-method is-config="true" signature="tearDown(org.testng.ITestResult)[pri:0, instance:com.vcentry.lab.testcases.CheckOutPageValidator@366647c2]" started-at="2022-08-02T20:42:47Z" name="tearDown" finished-at="2022-08-02T20:42:47Z" duration-ms="810" status="PASS">
          <params>
            <param index="0">
              <value>
                <![CDATA[[TestResult name=validateCheckoutPage status=SUCCESS method=CheckOutPageValidator.validateCheckoutPage(java.lang.String, java.lang.String, java.lang.String, java.lang.String, java.lang.String, java.lang.String, java.lang.String, java.lang.String, java.lang.String)[pri:0, instance:com.vcentry.lab.testcases.CheckOutPageValidator@366647c2] output={null}]]]>
              </value>
            </param>
          </params>
          <reporter-output>
          </reporter-output>
        </test-method> <!-- tearDown -->
        <test-method signature="validateCheckoutPage(java.lang.String, java.lang.String, java.lang.String, java.lang.String, java.lang.String, java.lang.String, java.lang.String, java.lang.String, java.lang.String)[pri:0, instance:com.vcentry.lab.testcases.CheckOutPageValidator@366647c2]" started-at="2022-08-02T20:42:47Z" name="validateCheckoutPage" data-provider="CheckoutTest" finished-at="2022-08-02T20:42:51Z" duration-ms="3380" status="PASS">
          <params>
            <param index="0">
              <value>
                <![CDATA[CheckoutPageTest_DataSet8]]>
              </value>
            </param>
            <param index="1">
              <value>
                <![CDATA[user1]]>
              </value>
            </param>
            <param index="2">
              <value>
                <![CDATA[Guru@12345]]>
              </value>
            </param>
            <param index="3">
              <value>
                <![CDATA[produtG]]>
              </value>
            </param>
            <param index="4">
              <value>
                <![CDATA[77777]]>
              </value>
            </param>
            <param index="5">
              <value>
                <![CDATA[mailD@email.com]]>
              </value>
            </param>
            <param index="6">
              <value>
                <![CDATA[Electrical]]>
              </value>
            </param>
            <param index="7">
              <value>
                <![CDATA[70]]>
              </value>
            </param>
            <param index="8">
              <value>
                <![CDATA[purchaseNameD]]>
              </value>
            </param>
          </params>
          <reporter-output>
          </reporter-output>
        </test-method> <!-- validateCheckoutPage -->
        <test-method is-config="true" signature="tearDown(org.testng.ITestResult)[pri:0, instance:com.vcentry.lab.testcases.CheckOutPageValidator@366647c2]" started-at="2022-08-02T20:42:51Z" name="tearDown" finished-at="2022-08-02T20:42:52Z" duration-ms="718" status="PASS">
          <params>
            <param index="0">
              <value>
                <![CDATA[[TestResult name=validateCheckoutPage status=SUCCESS method=CheckOutPageValidator.validateCheckoutPage(java.lang.String, java.lang.String, java.lang.String, java.lang.String, java.lang.String, java.lang.String, java.lang.String, java.lang.String, java.lang.String)[pri:0, instance:com.vcentry.lab.testcases.CheckOutPageValidator@366647c2] output={null}]]]>
              </value>
            </param>
          </params>
          <reporter-output>
          </reporter-output>
        </test-method> <!-- tearDown -->
        <test-method signature="validateCheckoutPage(java.lang.String, java.lang.String, java.lang.String, java.lang.String, java.lang.String, java.lang.String, java.lang.String, java.lang.String, java.lang.String)[pri:0, instance:com.vcentry.lab.testcases.CheckOutPageValidator@366647c2]" started-at="2022-08-02T20:42:52Z" name="validateCheckoutPage" data-provider="CheckoutTest" finished-at="2022-08-02T20:42:55Z" duration-ms="3793" status="PASS">
          <params>
            <param index="0">
              <value>
                <![CDATA[CheckoutPageTest_DataSet9]]>
              </value>
            </param>
            <param index="1">
              <value>
                <![CDATA[user1]]>
              </value>
            </param>
            <param index="2">
              <value>
                <![CDATA[Guru@12345]]>
              </value>
            </param>
            <param index="3">
              <value>
                <![CDATA[produtH]]>
              </value>
            </param>
            <param index="4">
              <value>
                <![CDATA[88888]]>
              </value>
            </param>
            <param index="5">
              <value>
                <![CDATA[mailD@email.com]]>
              </value>
            </param>
            <param index="6">
              <value>
                <![CDATA[Electrical]]>
              </value>
            </param>
            <param index="7">
              <value>
                <![CDATA[70]]>
              </value>
            </param>
            <param index="8">
              <value>
                <![CDATA[purchaseNameD]]>
              </value>
            </param>
          </params>
          <reporter-output>
          </reporter-output>
        </test-method> <!-- validateCheckoutPage -->
        <test-method is-config="true" signature="tearDown(org.testng.ITestResult)[pri:0, instance:com.vcentry.lab.testcases.CheckOutPageValidator@366647c2]" started-at="2022-08-02T20:42:55Z" name="tearDown" finished-at="2022-08-02T20:42:56Z" duration-ms="765" status="PASS">
          <params>
            <param index="0">
              <value>
                <![CDATA[[TestResult name=validateCheckoutPage status=SUCCESS method=CheckOutPageValidator.validateCheckoutPage(java.lang.String, java.lang.String, java.lang.String, java.lang.String, java.lang.String, java.lang.String, java.lang.String, java.lang.String, java.lang.String)[pri:0, instance:com.vcentry.lab.testcases.CheckOutPageValidator@366647c2] output={null}]]]>
              </value>
            </param>
          </params>
          <reporter-output>
          </reporter-output>
        </test-method> <!-- tearDown -->
        <test-method signature="validateCheckoutPage(java.lang.String, java.lang.String, java.lang.String, java.lang.String, java.lang.String, java.lang.String, java.lang.String, java.lang.String, java.lang.String)[pri:0, instance:com.vcentry.lab.testcases.CheckOutPageValidator@366647c2]" started-at="2022-08-02T20:42:56Z" name="validateCheckoutPage" data-provider="CheckoutTest" finished-at="2022-08-02T20:43:00Z" duration-ms="3575" status="PASS">
          <params>
            <param index="0">
              <value>
                <![CDATA[CheckoutPageTest_DataSet10]]>
              </value>
            </param>
            <param index="1">
              <value>
                <![CDATA[user1]]>
              </value>
            </param>
            <param index="2">
              <value>
                <![CDATA[Guru@12345]]>
              </value>
            </param>
            <param index="3">
              <value>
                <![CDATA[produtI]]>
              </value>
            </param>
            <param index="4">
              <value>
                <![CDATA[999999]]>
              </value>
            </param>
            <param index="5">
              <value>
                <![CDATA[maili@email.com]]>
              </value>
            </param>
            <param index="6">
              <value>
                <![CDATA[Electrical]]>
              </value>
            </param>
            <param index="7">
              <value>
                <![CDATA[80]]>
              </value>
            </param>
            <param index="8">
              <value>
                <![CDATA[purchaseNameI]]>
              </value>
            </param>
          </params>
          <reporter-output>
          </reporter-output>
        </test-method> <!-- validateCheckoutPage -->
        <test-method is-config="true" signature="tearDown(org.testng.ITestResult)[pri:0, instance:com.vcentry.lab.testcases.CheckOutPageValidator@366647c2]" started-at="2022-08-02T20:43:00Z" name="tearDown" finished-at="2022-08-02T20:43:00Z" duration-ms="632" status="PASS">
          <params>
            <param index="0">
              <value>
                <![CDATA[[TestResult name=validateCheckoutPage status=SUCCESS method=CheckOutPageValidator.validateCheckoutPage(java.lang.String, java.lang.String, java.lang.String, java.lang.String, java.lang.String, java.lang.String, java.lang.String, java.lang.String, java.lang.String)[pri:0, instance:com.vcentry.lab.testcases.CheckOutPageValidator@366647c2] output={null}]]]>
              </value>
            </param>
          </params>
          <reporter-output>
          </reporter-output>
        </test-method> <!-- tearDown -->
        <test-method signature="validateCheckoutPage(java.lang.String, java.lang.String, java.lang.String, java.lang.String, java.lang.String, java.lang.String, java.lang.String, java.lang.String, java.lang.String)[pri:0, instance:com.vcentry.lab.testcases.CheckOutPageValidator@366647c2]" started-at="2022-08-02T20:43:00Z" name="validateCheckoutPage" data-provider="CheckoutTest" finished-at="2022-08-02T20:43:04Z" duration-ms="3361" status="PASS">
          <params>
            <param index="0">
              <value>
                <![CDATA[CheckoutPageTest_DataSet11]]>
              </value>
            </param>
            <param index="1">
              <value>
                <![CDATA[user1]]>
              </value>
            </param>
            <param index="2">
              <value>
                <![CDATA[Guru@12345]]>
              </value>
            </param>
            <param index="3">
              <value>
                <![CDATA[produtJ]]>
              </value>
            </param>
            <param index="4">
              <value>
                <![CDATA[10101010]]>
              </value>
            </param>
            <param index="5">
              <value>
                <![CDATA[mailj@email.com]]>
              </value>
            </param>
            <param index="6">
              <value>
                <![CDATA[Electrical]]>
              </value>
            </param>
            <param index="7">
              <value>
                <![CDATA[90]]>
              </value>
            </param>
            <param index="8">
              <value>
                <![CDATA[purchaseNameJ]]>
              </value>
            </param>
          </params>
          <reporter-output>
          </reporter-output>
        </test-method> <!-- validateCheckoutPage -->
        <test-method is-config="true" signature="tearDown(org.testng.ITestResult)[pri:0, instance:com.vcentry.lab.testcases.CheckOutPageValidator@366647c2]" started-at="2022-08-02T20:43:04Z" name="tearDown" finished-at="2022-08-02T20:43:04Z" duration-ms="630" status="PASS">
          <params>
            <param index="0">
              <value>
                <![CDATA[[TestResult name=validateCheckoutPage status=SUCCESS method=CheckOutPageValidator.validateCheckoutPage(java.lang.String, java.lang.String, java.lang.String, java.lang.String, java.lang.String, java.lang.String, java.lang.String, java.lang.String, java.lang.String)[pri:0, instance:com.vcentry.lab.testcases.CheckOutPageValidator@366647c2] output={null}]]]>
              </value>
            </param>
          </params>
          <reporter-output>
          </reporter-output>
        </test-method> <!-- tearDown -->
      </class> <!-- com.vcentry.lab.testcases.CheckOutPageValidator -->
    </test> <!-- Default test -->
  </suite> <!-- Default suite -->
</testng-results>
